08:55:02 **** Incremental Build of configuration Debug for project Mobile_Controlled_Home ****
make all 
Building file: ../MCAL/UART/UART_Program.c
Invoking: AVR Compiler
avr-gcc -Wall -g2 -gstabs -O0 -fpack-struct -fshort-enums -ffunction-sections -fdata-sections -std=gnu99 -funsigned-char -funsigned-bitfields -mmcu=atmega32 -DF_CPU=8000000UL -MMD -MP -MF"MCAL/UART/UART_Program.d" -MT"MCAL/UART/UART_Program.o" -c -o "MCAL/UART/UART_Program.o" "../MCAL/UART/UART_Program.c"
In file included from ../MCAL/UART/UART_Program.c:22:
e:/embedded system/01- embedded systems avr tools/01- imt sdk/_imt_sdk_win_64/imt_sdk_win_64/winavr/lib/gcc/../../avr/include/util/delay.h:90:3: warning: #warning "Compiler optimizations disabled; functions from <util/delay.h> won't work as designed"
Finished building: ../MCAL/UART/UART_Program.c
 
Building file: ../MCAL/DIO/DIO_program.c
Invoking: AVR Compiler
avr-gcc -Wall -g2 -gstabs -O0 -fpack-struct -fshort-enums -ffunction-sections -fdata-sections -std=gnu99 -funsigned-char -funsigned-bitfields -mmcu=atmega32 -DF_CPU=8000000UL -MMD -MP -MF"MCAL/DIO/DIO_program.d" -MT"MCAL/DIO/DIO_program.o" -c -o "MCAL/DIO/DIO_program.o" "../MCAL/DIO/DIO_program.c"
Finished building: ../MCAL/DIO/DIO_program.c
 
Building file: ../HAL/CLCD/CLCD_program.c
Invoking: AVR Compiler
avr-gcc -Wall -g2 -gstabs -O0 -fpack-struct -fshort-enums -ffunction-sections -fdata-sections -std=gnu99 -funsigned-char -funsigned-bitfields -mmcu=atmega32 -DF_CPU=8000000UL -MMD -MP -MF"HAL/CLCD/CLCD_program.d" -MT"HAL/CLCD/CLCD_program.o" -c -o "HAL/CLCD/CLCD_program.o" "../HAL/CLCD/CLCD_program.c"
In file included from ../HAL/CLCD/CLCD_program.c:7:
e:/embedded system/01- embedded systems avr tools/01- imt sdk/_imt_sdk_win_64/imt_sdk_win_64/winavr/lib/gcc/../../avr/include/util/delay.h:90:3: warning: #warning "Compiler optimizations disabled; functions from <util/delay.h> won't work as designed"
Finished building: ../HAL/CLCD/CLCD_program.c
 
Building file: ../main.c
Invoking: AVR Compiler
avr-gcc -Wall -g2 -gstabs -O0 -fpack-struct -fshort-enums -ffunction-sections -fdata-sections -std=gnu99 -funsigned-char -funsigned-bitfields -mmcu=atmega32 -DF_CPU=8000000UL -MMD -MP -MF"main.d" -MT"main.o" -c -o "main.o" "../main.c"
In file included from ../main.c:9:
e:/embedded system/01- embedded systems avr tools/01- imt sdk/_imt_sdk_win_64/imt_sdk_win_64/winavr/lib/gcc/../../avr/include/util/delay.h:90:3: warning: #warning "Compiler optimizations disabled; functions from <util/delay.h> won't work as designed"
Finished building: ../main.c
 
Building target: Mobile_Controlled_Home.elf
Invoking: AVR C Linker
avr-gcc -Wl,-Map,Mobile_Controlled_Home.map -mmcu=atmega32 -o "Mobile_Controlled_Home.elf"  ./MCAL/UART/UART_Program.o  ./MCAL/DIO/DIO_program.o  ./HAL/CLCD/CLCD_program.o  ./main.o   
Finished building target: Mobile_Controlled_Home.elf
 
Invoking: AVR Create Extended Listing
avr-objdump -h -S Mobile_Controlled_Home.elf  >"Mobile_Controlled_Home.lss"
Finished building: Mobile_Controlled_Home.lss
 
Create Flash image (ihex format)
avr-objcopy -R .eeprom -R .fuse -R .lock -R .signature -O ihex Mobile_Controlled_Home.elf  "Mobile_Controlled_Home.hex"
Finished building: Mobile_Controlled_Home.hex
 
Invoking: Print Size
avr-size --format=avr --mcu=atmega32 Mobile_Controlled_Home.elf
AVR Memory Usage
----------------
Device: atmega32

Program:   19008 bytes (58.0% Full)
(.text + .data + .bootloader)

Data:        628 bytes (30.7% Full)
(.data + .bss + .noinit)


Finished building: sizedummy
 

08:55:07 Build Finished (took 4s.841ms)

